Drill Listing
=============
Drill: .012  Tool: 1  Feed: 95  Speed: 300
X 411732  Y 437551
X 411732  Y 448299
X 411732  Y 442590
X 411771  Y 460110
X 411771  Y 454244
X 418031  Y 448299
X 425200  Y 446200
X 425200  Y 441200
X 425200  Y 435700
X 425200  Y 452200
X 425200  Y 458200
X 431200  Y 448200
X 451100  Y 454980
X 483100  Y 453799
X 483600  Y 463247
X 500600  Y 487271
X 483600  Y 470334
X 471181  Y 484519
X 451100  Y 464428
X 451100  Y 471515
X 439100  Y 485771
X 425700  Y 475200
X 425700  Y 466271
X 425700  Y 470700
X 411732  Y 470267
X 411692  Y 474322
X 411614  Y 466212
X 414500  Y 501055
X 439100  Y 492771
X 451100  Y 499862
X 451100  Y 506948
X 471181  Y 505779
X 471181  Y 491606
X 471181  Y 512866
X 500600  Y 492771
X 471181  Y 527039
X 471181  Y 519952
X 471181  Y 541212
X 471181  Y 548299
X 471181  Y 555267
X 471181  Y 562472
X 451100  Y 535295
X 451100  Y 542381
X 451100  Y 528208
X 451100  Y 521121
X 451100  Y 514035
X 451100  Y 556554
X 451100  Y 549468
X 451100  Y 584901
X 451100  Y 577814
X 451100  Y 570728
X 451100  Y 563641
X 471181  Y 583732
X 471181  Y 569559
X 471181  Y 576645
X 500600  Y 586271
X 501100  Y 580271
X 501200  Y 572771
X 500600  Y 591771
X 471181  Y 597905
X 471181  Y 604992
X 471181  Y 612078
X 471181  Y 590818
X 451100  Y 606161
X 451100  Y 599074
X 451100  Y 591988
X 451100  Y 613247
X 437600  Y 636869
X 451100  Y 627421
X 451100  Y 620334
X 451100  Y 634507
X 471181  Y 626251
X 471181  Y 633259
X 471181  Y 619165
X 490482  Y 632271
X 496682  Y 632271
X 496700  Y 658271
X 496700  Y 671271
X 496682  Y 647271
X 490482  Y 647271
X 484100  Y 654586
X 471181  Y 661685
X 471181  Y 668771
X 471181  Y 675858
X 471181  Y 682944
X 451102  Y 662866
X 451102  Y 677039
X 451102  Y 684125
X 451102  Y 669952
X 438100  Y 655771
X 451102  Y 698299
X 451102  Y 691212
X 471200  Y 689771
X 479069  Y 737771
X 492100  Y 727271
X 499100  Y 737771
X 503100  Y 726171
X 503100  Y 732371
X 532700  Y 734771
X 537700  Y 734771
X 557200  Y 720771
X 565200  Y 714271
X 565200  Y 720271
X 570700  Y 714271
X 570700  Y 720271
X 552700  Y 738771
X 537700  Y 739519
X 532700  Y 739519
X 531200  Y 745700
X 531200  Y 751700
X 521181  Y 746370
X 521141  Y 751645
X 511600  Y 741448
X 505200  Y 741488
X 485100  Y 774771
X 532700  Y 784271
X 537700  Y 784271
X 571614  Y 764362
X 578307  Y 783614
X 578307  Y 777984
X 583385  Y 783614
X 583385  Y 777984
X 572086  Y 813299
X 552700  Y 789271
X 537700  Y 789244
X 532700  Y 789271
X 531200  Y 795171
X 531200  Y 801371
X 521220  Y 795346
X 521023  Y 801527
X 514600  Y 791724
X 508600  Y 791803
X 463700  Y 802771
X 457600  Y 801389
X 456218  Y 812771
X 445982  Y 802271
X 445982  Y 812771
X 438305  Y 802771

Drill: .01969  Tool: 2  Feed: 95  Speed: 300
X 443226  Y 810153
X 458974  Y 810153

Drill: .02  Tool: 3  Feed: 197  Speed: 550
X 551200  Y 749271
X 551200  Y 753771
X 551200  Y 758271
X 556200  Y 753771
X 556200  Y 749271
X 556200  Y 758271
X 556200  Y 803271
X 556200  Y 798771
X 556200  Y 807771
X 551200  Y 803271
X 551200  Y 807771
X 551200  Y 798771

Drill: .052  Tool: 4  Feed: 107  Speed: 550
X 461100  Y 442381

Drill: .072  Tool: 5  Feed: 81  Speed: 550
X 461100  Y 705177

Drill: .1  Tool: 6  Feed: 69  Speed: 658
X 413385  Y 413385
X 594488  Y 413385
X 594488  Y 807086
X 413385  Y 807086

End of Listing
